Arguments: 
  /Users/wisdom/.nvm/versions/node/v12.20.2/bin/node /Users/wisdom/.nvm/versions/node/v12.20.2/bin/yarn

PATH: 
  /Users/wisdom/Documents/workspace/others/test-vue-cli-plugins/plugins/vue-cli-plugin-ui-base/mono-lala-my-project/node_modules/.bin:/Users/wisdom/Documents/workspace/others/test-vue-cli-plugins/plugins/vue-cli-plugin-ui-base/node_modules/.bin:/Users/wisdom/Documents/workspace/others/test-vue-cli-plugins/plugins/node_modules/.bin:/Users/wisdom/Documents/workspace/others/test-vue-cli-plugins/node_modules/.bin:/Users/wisdom/Documents/workspace/others/node_modules/.bin:/Users/wisdom/Documents/workspace/node_modules/.bin:/Users/wisdom/Documents/node_modules/.bin:/Users/wisdom/node_modules/.bin:/Users/node_modules/.bin:/node_modules/.bin:/Users/wisdom/.nvm/versions/node/v12.20.2/bin:/Users/wisdom/.nvm/versions/node/v12.20.2/bin:/Users/wisdom/bin:/usr/local/bin:/Users/wisdom/.nvm/versions/node/v12.20.2/bin:/Users/wisdom/bin:/usr/local/bin:/usr/local/bin:/usr/bin:/bin:/usr/sbin:/sbin:/Applications/Visual Studio Code.app/Contents/Resources/app/bin:/Users/wisdom/development/flutter/bin:/Applications/Visual Studio Code.app/Contents/Resources/app/bin:/Users/wisdom/development/flutter/bin

Yarn version: 
  1.22.10

Node version: 
  12.20.2

Platform: 
  darwin x64

Trace: 
  Error: https://registry.yarnpkg.com/@pdsuwwz%2fvue-cli-plugin-ui-base: Not found
      at Request.params.callback [as _callback] (/Users/wisdom/.nvm/versions/node/v12.20.2/lib/node_modules/yarn/lib/cli.js:66988:18)
      at Request.self.callback (/Users/wisdom/.nvm/versions/node/v12.20.2/lib/node_modules/yarn/lib/cli.js:140662:22)
      at Request.emit (events.js:314:20)
      at Request.<anonymous> (/Users/wisdom/.nvm/versions/node/v12.20.2/lib/node_modules/yarn/lib/cli.js:141634:10)
      at Request.emit (events.js:314:20)
      at IncomingMessage.<anonymous> (/Users/wisdom/.nvm/versions/node/v12.20.2/lib/node_modules/yarn/lib/cli.js:141556:12)
      at Object.onceWrapper (events.js:420:28)
      at IncomingMessage.emit (events.js:326:22)
      at endReadableNT (_stream_readable.js:1241:12)
      at processTicksAndRejections (internal/process/task_queues.js:84:21)

npm manifest: 
  {
    "name": "mono-lala-my-project",
    "version": "0.1.0",
    "private": true,
    "devDependencies": {
      "@vue/cli-plugin-babel": "~4.5.0",
      "@vue/cli-plugin-eslint": "~4.5.0",
      "@pdsuwwz/vue-cli-plugin-ui-base": "latest",
      "@pdsuwwz/vue-cli-plugin-ui-cz": "latest",
      "@pdsuwwz/vue-cli-plugin-ui-lint": "latest",
      "@vue/cli-service": "~4.5.0",
      "@vue/cli-plugin-router": "~4.5.0"
    }
  }

yarn manifest: 
  No manifest

Lockfile: 
  No lockfile
